\BOOKMARK [0][-]{chapter.1}{\376\377\000H\000i\000e\000r\000a\000r\000c\000h\000i\000c\000a\000l\000\040\000I\000n\000d\000e\000x}{}% 1
\BOOKMARK [1][-]{section.1.1}{\376\377\000C\000l\000a\000s\000s\000\040\000H\000i\000e\000r\000a\000r\000c\000h\000y}{chapter.1}% 2
\BOOKMARK [0][-]{chapter.2}{\376\377\000C\000l\000a\000s\000s\000\040\000I\000n\000d\000e\000x}{}% 3
\BOOKMARK [1][-]{section.2.1}{\376\377\000C\000l\000a\000s\000s\000\040\000L\000i\000s\000t}{chapter.2}% 4
\BOOKMARK [0][-]{chapter.3}{\376\377\000C\000l\000a\000s\000s\000\040\000D\000o\000c\000u\000m\000e\000n\000t\000a\000t\000i\000o\000n}{}% 5
\BOOKMARK [1][-]{section.3.1}{\376\377\000A\000r\000r\000o\000w\000\040\000C\000l\000a\000s\000s\000\040\000R\000e\000f\000e\000r\000e\000n\000c\000e}{chapter.3}% 6
\BOOKMARK [2][-]{subsection.3.1.1}{\376\377\000M\000e\000m\000b\000e\000r\000\040\000F\000u\000n\000c\000t\000i\000o\000n\000\040\000D\000o\000c\000u\000m\000e\000n\000t\000a\000t\000i\000o\000n}{section.3.1}% 7
\BOOKMARK [3][-]{subsubsection.3.1.1.1}{\376\377\000r\000o\000t\000a\000t\000e}{subsection.3.1.1}% 8
\BOOKMARK [3][-]{subsubsection.3.1.1.2}{\376\377\000s\000h\000o\000o\000t}{subsection.3.1.1}% 9
\BOOKMARK [3][-]{subsubsection.3.1.1.3}{\376\377\000s\000p\000a\000c\000e\000P\000r\000e\000s\000s\000e\000d}{subsection.3.1.1}% 10
\BOOKMARK [1][-]{section.3.2}{\376\377\000B\000o\000a\000r\000d\000\040\000C\000l\000a\000s\000s\000\040\000R\000e\000f\000e\000r\000e\000n\000c\000e}{chapter.3}% 11
\BOOKMARK [2][-]{subsection.3.2.1}{\376\377\000M\000e\000m\000b\000e\000r\000\040\000F\000u\000n\000c\000t\000i\000o\000n\000\040\000D\000o\000c\000u\000m\000e\000n\000t\000a\000t\000i\000o\000n}{section.3.2}% 12
\BOOKMARK [3][-]{subsubsection.3.2.1.1}{\376\377\000c\000a\000n\000n\000o\000t\000P\000l\000a\000y}{subsection.3.2.1}% 13
\BOOKMARK [3][-]{subsubsection.3.2.1.2}{\376\377\000s\000e\000t\000S\000c\000o\000r\000e}{subsection.3.2.1}% 14
\BOOKMARK [1][-]{section.3.3}{\376\377\000D\000i\000s\000k\000\040\000C\000l\000a\000s\000s\000\040\000R\000e\000f\000e\000r\000e\000n\000c\000e}{chapter.3}% 15
\BOOKMARK [1][-]{section.3.4}{\376\377\000G\000a\000m\000e\0001\000s\000c\000e\000n\000e\000\040\000C\000l\000a\000s\000s\000\040\000R\000e\000f\000e\000r\000e\000n\000c\000e}{chapter.3}% 16
\BOOKMARK [2][-]{subsection.3.4.1}{\376\377\000M\000e\000m\000b\000e\000r\000\040\000F\000u\000n\000c\000t\000i\000o\000n\000\040\000D\000o\000c\000u\000m\000e\000n\000t\000a\000t\000i\000o\000n}{section.3.4}% 17
\BOOKMARK [3][-]{subsubsection.3.4.1.1}{\376\377\000a\000d\000d\000C\000i\000r\000c\000l\000e}{subsection.3.4.1}% 18
\BOOKMARK [3][-]{subsubsection.3.4.1.2}{\376\377\000a\000d\000d\000V\000i\000r\000u\000s}{subsection.3.4.1}% 19
\BOOKMARK [3][-]{subsubsection.3.4.1.3}{\376\377\000c\000l\000e\000a\000n\000P\000a\000g\000e}{subsection.3.4.1}% 20
\BOOKMARK [3][-]{subsubsection.3.4.1.4}{\376\377\000c\000o\000l\000l\000i\000s\000i\000o\000n\000V\000i\000r\000u\000s\000S\000y\000r\000i\000n\000g}{subsection.3.4.1}% 21
\BOOKMARK [3][-]{subsubsection.3.4.1.5}{\376\377\000c\000o\000n\000n\000e\000c\000t\000B\000u\000t\000t\000o\000n\000s}{subsection.3.4.1}% 22
\BOOKMARK [3][-]{subsubsection.3.4.1.6}{\376\377\000d\000i\000s\000p\000l\000a\000y\000S\000c\000o\000r\000e\000s}{subsection.3.4.1}% 23
\BOOKMARK [3][-]{subsubsection.3.4.1.7}{\376\377\000f\000i\000l\000l\000S\000c\000e\000n\000e}{subsection.3.4.1}% 24
\BOOKMARK [3][-]{subsubsection.3.4.1.8}{\376\377\000i\000n\000c\000r\000e\000a\000s\000e\000L\000e\000v\000e\000l}{subsection.3.4.1}% 25
\BOOKMARK [3][-]{subsubsection.3.4.1.9}{\376\377\000s\000e\000t\000S\000c\000o\000r\000e\000L\000a\000b\000e\000l\000s}{subsection.3.4.1}% 26
\BOOKMARK [3][-]{subsubsection.3.4.1.10}{\376\377\000s\000t\000a\000r\000t\000G\000a\000m\000e}{subsection.3.4.1}% 27
\BOOKMARK [3][-]{subsubsection.3.4.1.11}{\376\377\000u\000p\000d\000a\000t\000e\000G\000a\000m\000e\000N\000a\000m\000e}{subsection.3.4.1}% 28
\BOOKMARK [3][-]{subsubsection.3.4.1.12}{\376\377\000u\000p\000d\000a\000t\000e\000G\000a\000m\000e\000O\000v\000e\000r}{subsection.3.4.1}% 29
\BOOKMARK [3][-]{subsubsection.3.4.1.13}{\376\377\000u\000p\000d\000a\000t\000e\000G\000a\000m\000e\000W\000o\000n}{subsection.3.4.1}% 30
\BOOKMARK [3][-]{subsubsection.3.4.1.14}{\376\377\000u\000p\000d\000a\000t\000e\000U\000s\000e\000r\000S\000c\000o\000r\000e\000s}{subsection.3.4.1}% 31
\BOOKMARK [3][-]{subsubsection.3.4.1.15}{\376\377\000u\000s\000e\000r\000F\000a\000i\000l\000e\000d}{subsection.3.4.1}% 32
\BOOKMARK [3][-]{subsubsection.3.4.1.16}{\376\377\000u\000s\000e\000r\000W\000o\000n}{subsection.3.4.1}% 33
\BOOKMARK [1][-]{section.3.5}{\376\377\000G\000a\000m\000e\0002\000s\000c\000e\000n\000e\000\040\000C\000l\000a\000s\000s\000\040\000R\000e\000f\000e\000r\000e\000n\000c\000e}{chapter.3}% 34
\BOOKMARK [2][-]{subsection.3.5.1}{\376\377\000M\000e\000m\000b\000e\000r\000\040\000F\000u\000n\000c\000t\000i\000o\000n\000\040\000D\000o\000c\000u\000m\000e\000n\000t\000a\000t\000i\000o\000n}{section.3.5}% 35
\BOOKMARK [3][-]{subsubsection.3.5.1.1}{\376\377\000c\000e\000l\000l\000C\000l\000i\000c\000k\000e\000d}{subsection.3.5.1}% 36
\BOOKMARK [3][-]{subsubsection.3.5.1.2}{\376\377\000c\000h\000a\000n\000g\000e\000T\000o\000P\000l\000a\000y\000e\000r}{subsection.3.5.1}% 37
\BOOKMARK [3][-]{subsubsection.3.5.1.3}{\376\377\000c\000h\000a\000n\000g\000e\000T\000u\000r\000n}{subsection.3.5.1}% 38
\BOOKMARK [3][-]{subsubsection.3.5.1.4}{\376\377\000c\000l\000e\000a\000n\000P\000a\000g\000e}{subsection.3.5.1}% 39
\BOOKMARK [3][-]{subsubsection.3.5.1.5}{\376\377\000f\000i\000l\000l\000S\000c\000e\000n\000e}{subsection.3.5.1}% 40
\BOOKMARK [3][-]{subsubsection.3.5.1.6}{\376\377\000f\000i\000l\000l\000S\000c\000e\000n\000e\000H\000e\000l\000p\000e\000r}{subsection.3.5.1}% 41
\BOOKMARK [3][-]{subsubsection.3.5.1.7}{\376\377\000g\000a\000m\000e\000O\000v\000e\000r}{subsection.3.5.1}% 42
\BOOKMARK [3][-]{subsubsection.3.5.1.8}{\376\377\000l\000e\000g\000a\000l\000M\000o\000v\000e\000s\000C\000h\000e\000c\000k}{subsection.3.5.1}% 43
\BOOKMARK [3][-]{subsubsection.3.5.1.9}{\376\377\000r\000e\000s\000t\000a\000r\000t\000G\000a\000m\000e}{subsection.3.5.1}% 44
\BOOKMARK [3][-]{subsubsection.3.5.1.10}{\376\377\000s\000t\000a\000r\000t\000G\000a\000m\000e}{subsection.3.5.1}% 45
\BOOKMARK [3][-]{subsubsection.3.5.1.11}{\376\377\000u\000p\000d\000a\000t\000e\000B\000o\000a\000r\000d}{subsection.3.5.1}% 46
\BOOKMARK [3][-]{subsubsection.3.5.1.12}{\376\377\000u\000p\000d\000a\000t\000e\000U\000s\000e\000r\000S\000c\000o\000r\000e\000s}{subsection.3.5.1}% 47
\BOOKMARK [1][-]{section.3.6}{\376\377\000J\000s\000o\000n\000\040\000C\000l\000a\000s\000s\000\040\000R\000e\000f\000e\000r\000e\000n\000c\000e}{chapter.3}% 48
\BOOKMARK [2][-]{subsection.3.6.1}{\376\377\000M\000e\000m\000b\000e\000r\000\040\000F\000u\000n\000c\000t\000i\000o\000n\000\040\000D\000o\000c\000u\000m\000e\000n\000t\000a\000t\000i\000o\000n}{section.3.6}% 49
\BOOKMARK [3][-]{subsubsection.3.6.1.1}{\376\377\000a\000p\000p\000e\000n\000d\000T\000o\000U\000s\000e\000r\000D\000o\000c\000u\000m\000e\000n\000t}{subsection.3.6.1}% 50
\BOOKMARK [3][-]{subsubsection.3.6.1.2}{\376\377\000c\000h\000e\000c\000k\000U\000s\000e\000r}{subsection.3.6.1}% 51
\BOOKMARK [3][-]{subsubsection.3.6.1.3}{\376\377\000E\000n\000c\000o\000d\000e\000I\000m\000a\000g\000e}{subsection.3.6.1}% 52
\BOOKMARK [3][-]{subsubsection.3.6.1.4}{\376\377\000g\000e\000t\000J\000s\000o\000n\000D\000o\000c\000u\000m\000e\000n\000t}{subsection.3.6.1}% 53
\BOOKMARK [3][-]{subsubsection.3.6.1.5}{\376\377\000u\000p\000d\000a\000t\000e\000U\000s\000e\000r\000S\000c\000o\000r\000e\000s}{subsection.3.6.1}% 54
\BOOKMARK [1][-]{section.3.7}{\376\377\000L\000i\000n\000e\000\040\000C\000l\000a\000s\000s\000\040\000R\000e\000f\000e\000r\000e\000n\000c\000e}{chapter.3}% 55
\BOOKMARK [2][-]{subsection.3.7.1}{\376\377\000M\000e\000m\000b\000e\000r\000\040\000F\000u\000n\000c\000t\000i\000o\000n\000\040\000D\000o\000c\000u\000m\000e\000n\000t\000a\000t\000i\000o\000n}{section.3.7}% 56
\BOOKMARK [3][-]{subsubsection.3.7.1.1}{\376\377\000c\000h\000e\000c\000k\000L\000i\000n\000e}{subsection.3.7.1}% 57
\BOOKMARK [3][-]{subsubsection.3.7.1.2}{\376\377\000g\000e\000t\000C\000h\000a\000n\000g\000e\000d\000T\000i\000l\000e\000s}{subsection.3.7.1}% 58
\BOOKMARK [1][-]{section.3.8}{\376\377\000L\000o\000g\000i\000n\000P\000a\000g\000e\000\040\000C\000l\000a\000s\000s\000\040\000R\000e\000f\000e\000r\000e\000n\000c\000e}{chapter.3}% 59
\BOOKMARK [2][-]{subsection.3.8.1}{\376\377\000M\000e\000m\000b\000e\000r\000\040\000F\000u\000n\000c\000t\000i\000o\000n\000\040\000D\000o\000c\000u\000m\000e\000n\000t\000a\000t\000i\000o\000n}{section.3.8}% 60
\BOOKMARK [3][-]{subsubsection.3.8.1.1}{\376\377\000f\000i\000x\000L\000a\000b\000e\000l\000s}{subsection.3.8.1}% 61
\BOOKMARK [3][-]{subsubsection.3.8.1.2}{\376\377\000l\000o\000g\000i\000n\000U\000s\000e\000r}{subsection.3.8.1}% 62
\BOOKMARK [1][-]{section.3.9}{\376\377\000M\000a\000i\000n\000W\000i\000n\000d\000o\000w\000\040\000C\000l\000a\000s\000s\000\040\000R\000e\000f\000e\000r\000e\000n\000c\000e}{chapter.3}% 63
\BOOKMARK [2][-]{subsection.3.9.1}{\376\377\000M\000e\000m\000b\000e\000r\000\040\000F\000u\000n\000c\000t\000i\000o\000n\000\040\000D\000o\000c\000u\000m\000e\000n\000t\000a\000t\000i\000o\000n}{section.3.9}% 64
\BOOKMARK [3][-]{subsubsection.3.9.1.1}{\376\377\000g\000e\000t\000J\000o\000k\000e}{subsection.3.9.1}% 65
\BOOKMARK [3][-]{subsubsection.3.9.1.2}{\376\377\000p\000l\000a\000y\000M\000u\000s\000i\000c}{subsection.3.9.1}% 66
\BOOKMARK [1][-]{section.3.10}{\376\377\000P\000o\000i\000n\000t\000\040\000C\000l\000a\000s\000s\000\040\000R\000e\000f\000e\000r\000e\000n\000c\000e}{chapter.3}% 67
\BOOKMARK [1][-]{section.3.11}{\376\377\000R\000o\000l\000l\000i\000n\000g\000B\000g\000\040\000C\000l\000a\000s\000s\000\040\000R\000e\000f\000e\000r\000e\000n\000c\000e}{chapter.3}% 68
\BOOKMARK [2][-]{subsection.3.11.1}{\376\377\000M\000e\000m\000b\000e\000r\000\040\000F\000u\000n\000c\000t\000i\000o\000n\000\040\000D\000o\000c\000u\000m\000e\000n\000t\000a\000t\000i\000o\000n}{section.3.11}% 69
\BOOKMARK [3][-]{subsubsection.3.11.1.1}{\376\377\000p\000a\000i\000n\000t\000E\000v\000e\000n\000t}{subsection.3.11.1}% 70
\BOOKMARK [1][-]{section.3.12}{\376\377\000S\000i\000g\000n\000u\000p\000P\000a\000g\000e\000\040\000C\000l\000a\000s\000s\000\040\000R\000e\000f\000e\000r\000e\000n\000c\000e}{chapter.3}% 71
\BOOKMARK [2][-]{subsection.3.12.1}{\376\377\000M\000e\000m\000b\000e\000r\000\040\000F\000u\000n\000c\000t\000i\000o\000n\000\040\000D\000o\000c\000u\000m\000e\000n\000t\000a\000t\000i\000o\000n}{section.3.12}% 72
\BOOKMARK [3][-]{subsubsection.3.12.1.1}{\376\377\000c\000l\000e\000a\000n\000P\000a\000g\000e}{subsection.3.12.1}% 73
\BOOKMARK [3][-]{subsubsection.3.12.1.2}{\376\377\000c\000r\000e\000a\000t\000e\000U\000s\000e\000r}{subsection.3.12.1}% 74
\BOOKMARK [3][-]{subsubsection.3.12.1.3}{\376\377\000s\000e\000l\000e\000c\000t\000I\000m\000a\000g\000e}{subsection.3.12.1}% 75
\BOOKMARK [3][-]{subsubsection.3.12.1.4}{\376\377\000s\000e\000t\000U\000s\000e\000r}{subsection.3.12.1}% 76
\BOOKMARK [1][-]{section.3.13}{\376\377\000S\000t\000r\000a\000t\000e\000g\000y\000\040\000C\000l\000a\000s\000s\000\040\000R\000e\000f\000e\000r\000e\000n\000c\000e}{chapter.3}% 77
\BOOKMARK [2][-]{subsection.3.13.1}{\376\377\000M\000e\000m\000b\000e\000r\000\040\000F\000u\000n\000c\000t\000i\000o\000n\000\040\000D\000o\000c\000u\000m\000e\000n\000t\000a\000t\000i\000o\000n}{section.3.13}% 78
\BOOKMARK [3][-]{subsubsection.3.13.1.1}{\376\377\000p\000l\000a\000y}{subsection.3.13.1}% 79
\BOOKMARK [1][-]{section.3.14}{\376\377\000S\000y\000r\000i\000n\000g\000e\000\040\000C\000l\000a\000s\000s\000\040\000R\000e\000f\000e\000r\000e\000n\000c\000e}{chapter.3}% 80
\BOOKMARK [1][-]{section.3.15}{\376\377\000U\000s\000e\000r\000\040\000C\000l\000a\000s\000s\000\040\000R\000e\000f\000e\000r\000e\000n\000c\000e}{chapter.3}% 81
\BOOKMARK [2][-]{subsection.3.15.1}{\376\377\000C\000o\000n\000s\000t\000r\000u\000c\000t\000o\000r\000\040\000\046\000\040\000D\000e\000s\000t\000r\000u\000c\000t\000o\000r\000\040\000D\000o\000c\000u\000m\000e\000n\000t\000a\000t\000i\000o\000n}{section.3.15}% 82
\BOOKMARK [3][-]{subsubsection.3.15.1.1}{\376\377\000U\000s\000e\000r}{subsection.3.15.1}% 83
\BOOKMARK [2][-]{subsection.3.15.2}{\376\377\000M\000e\000m\000b\000e\000r\000\040\000F\000u\000n\000c\000t\000i\000o\000n\000\040\000D\000o\000c\000u\000m\000e\000n\000t\000a\000t\000i\000o\000n}{section.3.15}% 84
\BOOKMARK [3][-]{subsubsection.3.15.2.1}{\376\377\000g\000e\000t\000S\000c\000o\000r\000e\000s\000A\000s\000J\000s\000o\000n}{subsection.3.15.2}% 85
\BOOKMARK [3][-]{subsubsection.3.15.2.2}{\376\377\000i\000s\000U\000n\000i\000q\000u\000e}{subsection.3.15.2}% 86
\BOOKMARK [3][-]{subsubsection.3.15.2.3}{\376\377\000i\000s\000V\000a\000l\000i\000d}{subsection.3.15.2}% 87
\BOOKMARK [3][-]{subsubsection.3.15.2.4}{\376\377\000t\000o\000J\000s\000o\000n\000O\000b\000j\000e\000c\000t}{subsection.3.15.2}% 88
\BOOKMARK [1][-]{section.3.16}{\376\377\000U\000t\000i\000l\000\040\000C\000l\000a\000s\000s\000\040\000R\000e\000f\000e\000r\000e\000n\000c\000e}{chapter.3}% 89
\BOOKMARK [2][-]{subsection.3.16.1}{\376\377\000M\000e\000m\000b\000e\000r\000\040\000F\000u\000n\000c\000t\000i\000o\000n\000\040\000D\000o\000c\000u\000m\000e\000n\000t\000a\000t\000i\000o\000n}{section.3.16}% 90
\BOOKMARK [3][-]{subsubsection.3.16.1.1}{\376\377\000c\000h\000e\000c\000k\000P\000a\000s\000s\000w\000o\000r\000d}{subsection.3.16.1}% 91
\BOOKMARK [3][-]{subsubsection.3.16.1.2}{\376\377\000h\000a\000s\000h\000P\000a\000s\000s\000w\000o\000r\000d}{subsection.3.16.1}% 92
\BOOKMARK [1][-]{section.3.17}{\376\377\000V\000i\000r\000u\000s\000L\000a\000r\000g\000e\000\040\000C\000l\000a\000s\000s\000\040\000R\000e\000f\000e\000r\000e\000n\000c\000e}{chapter.3}% 93
\BOOKMARK [2][-]{subsection.3.17.1}{\376\377\000M\000e\000m\000b\000e\000r\000\040\000F\000u\000n\000c\000t\000i\000o\000n\000\040\000D\000o\000c\000u\000m\000e\000n\000t\000a\000t\000i\000o\000n}{section.3.17}% 94
\BOOKMARK [3][-]{subsubsection.3.17.1.1}{\376\377\000c\000o\000l\000l\000i\000d\000e\000d\000W\000i\000t\000h\000S\000y\000r\000i\000n\000g\000e}{subsection.3.17.1}% 95
\BOOKMARK [3][-]{subsubsection.3.17.1.2}{\376\377\000u\000p\000d\000a\000t\000e}{subsection.3.17.1}% 96
\BOOKMARK [3][-]{subsubsection.3.17.1.3}{\376\377\000u\000s\000e\000r\000F\000a\000i\000l\000e\000d}{subsection.3.17.1}% 97
\BOOKMARK [1][-]{section.3.18}{\376\377\000W\000e\000l\000c\000o\000m\000e\000W\000i\000n\000d\000o\000w\000\040\000C\000l\000a\000s\000s\000\040\000R\000e\000f\000e\000r\000e\000n\000c\000e}{chapter.3}% 98
\BOOKMARK [2][-]{subsection.3.18.1}{\376\377\000M\000e\000m\000b\000e\000r\000\040\000F\000u\000n\000c\000t\000i\000o\000n\000\040\000D\000o\000c\000u\000m\000e\000n\000t\000a\000t\000i\000o\000n}{section.3.18}% 99
\BOOKMARK [3][-]{subsubsection.3.18.1.1}{\376\377\000c\000h\000e\000c\000k\000B\000d\000a\000y}{subsection.3.18.1}% 100
\BOOKMARK [3][-]{subsubsection.3.18.1.2}{\376\377\000c\000l\000e\000a\000n\000P\000a\000g\000e}{subsection.3.18.1}% 101
\BOOKMARK [3][-]{subsubsection.3.18.1.3}{\376\377\000f\000i\000l\000l\000S\000c\000e\000n\000e}{subsection.3.18.1}% 102
\BOOKMARK [3][-]{subsubsection.3.18.1.4}{\376\377\000f\000i\000x\000L\000a\000b\000e\000l\000s}{subsection.3.18.1}% 103
\BOOKMARK [3][-]{subsubsection.3.18.1.5}{\376\377\000f\000i\000x\000P\000i\000x\000m\000a\000p\000I\000t\000e\000m\000s}{subsection.3.18.1}% 104
\BOOKMARK [3][-]{subsubsection.3.18.1.6}{\376\377\000f\000i\000x\000W\000i\000d\000g\000e\000t\000s}{subsection.3.18.1}% 105
\BOOKMARK [3][-]{subsubsection.3.18.1.7}{\376\377\000u\000p\000d\000a\000t\000e\000P\000r\000o\000f\000i\000l\000e\000P\000i\000c}{subsection.3.18.1}% 106
\BOOKMARK [3][-]{subsubsection.3.18.1.8}{\376\377\000u\000p\000d\000a\000t\000e\000S\000c\000o\000r\000e\000s}{subsection.3.18.1}% 107
